[debug] [2019-10-28T19:04:54.649Z] ----------------------------------------------------------------------
[debug] [2019-10-28T19:04:54.652Z] Command:       /usr/local/bin/node /usr/local/bin/firebase init
[debug] [2019-10-28T19:04:54.652Z] CLI Version:   7.3.1
[debug] [2019-10-28T19:04:54.652Z] Platform:      darwin
[debug] [2019-10-28T19:04:54.652Z] Node Version:  v10.16.3
[debug] [2019-10-28T19:04:54.653Z] Time:          Mon Oct 28 2019 15:04:54 GMT-0400 (Eastern Daylight Time)
[debug] [2019-10-28T19:04:54.654Z] ----------------------------------------------------------------------
[debug] 
[debug] [2019-10-28T19:04:54.668Z] > command requires scopes: ["email","openid","https://www.googleapis.com/auth/cloudplatformprojects.readonly","https://www.googleapis.com/auth/firebase","https://www.googleapis.com/auth/cloud-platform"]
[debug] [2019-10-28T19:04:54.668Z] > authorizing via signed-in user
[info] 
     ######## #### ########  ######## ########     ###     ######  ########
     ##        ##  ##     ## ##       ##     ##  ##   ##  ##       ##
     ######    ##  ########  ######   ########  #########  ######  ######
     ##        ##  ##    ##  ##       ##     ## ##     ##       ## ##
     ##       #### ##     ## ######## ########  ##     ##  ######  ########

You're about to initialize a Firebase project in this directory:

  /Users/macbookair/Desktop/Development/se-code-challenge

[info] 
=== Project Setup
[info] 
[info] First, let's associate this project directory with a Firebase project.
[info] You can create multiple project aliases by running firebase use --add, 
[info] but for now we'll just set up a default project.
[info] 
[debug] [2019-10-28T19:05:05.151Z] > refreshing access token with scopes: ["email","https://www.googleapis.com/auth/cloud-platform","https://www.googleapis.com/auth/cloudplatformprojects.readonly","https://www.googleapis.com/auth/firebase","openid"]
[debug] [2019-10-28T19:05:05.151Z] >>> HTTP REQUEST POST https://www.googleapis.com/oauth2/v3/token  
 <request body omitted>
[debug] [2019-10-28T19:05:05.232Z] <<< HTTP RESPONSE 200
[debug] [2019-10-28T19:05:05.246Z] >>> HTTP REQUEST GET https://firebase.googleapis.com/v1beta1/projects?pageSize=100  
 
[debug] [2019-10-28T19:05:05.455Z] <<< HTTP RESPONSE 200
[info] i  Using project xkcd-comic-app (XKCD-Comic-App)
[info] 
=== Hosting Setup
[info] 
[info] Your public directory is the folder (relative to your project directory) that
[info] will contain Hosting assets to be uploaded with firebase deploy. If you
[info] have a build process for your assets, use your build's output directory.
[info] 
